Run snyk container test "244531986313.dkr.ecr.eu-central-1.amazonaws.com/languages-start-points:21481c2@sha256:4140a60638b9472541cc341a9a1e13a65e700883c1e946de24e0f71b4fffd89d" --org=jonjagger --debug --policy-path=${SNYK_POLICY_FILENAME} --sarif --sarif-file-output="${SNYK_SARIF_FILENAME}"
  snyk container test "244531986313.dkr.ecr.eu-central-1.amazonaws.com/languages-start-points:21481c2@sha256:4140a60638b9472541cc341a9a1e13a65e700883c1e946de24e0f71b4fffd89d" --org=jonjagger --debug --policy-path=${SNYK_POLICY_FILENAME} --sarif --sarif-file-output="${SNYK_SARIF_FILENAME}"
  shell: /usr/bin/bash -e {0}
  env:
    KOSLI_API_TOKEN: ***
    KOSLI_DEBUG: false
    KOSLI_DRY_RUN: false
    KOSLI_HOST: https://app.kosli.com,https://staging.app.kosli.com,https://app.us.kosli.com
    KOSLI_ORG: cyber-dojo
    KOSLI_FLOW: aws-snyk-scan
    KOSLI_ENV: aws-beta
    AWS_ACCOUNT_ID: 244531986313
    AWS_REGION: eu-central-1
    SNYK_POLICY_FILENAME: .snyk
    SNYK_SARIF_FILENAME: snyk.container.scan.json
    KOSLI_TRAIL: languages-start-points-4140a60638b9472541cc341a9a1e13a65e700883c1e946de24e0f71b4fffd89d
    AWS_DEFAULT_REGION: eu-central-1
    AWS_ACCESS_KEY_ID: ***
    AWS_SECRET_ACCESS_KEY: ***
    AWS_SESSION_TOKEN: ***
    SNYK_TOKEN: ***
2026-02-16T14:09:48Z main - ⚠️ WARNING: Potentially Sensitive Information ⚠️
These logs may contain sensitive data, including secrets or passwords. Snyk applies automated safeguards to redact commonly recognized secrets; however, full coverage cannot be guaranteed. We strongly recommend that you carefully review the logs before sharing to ensure no confidential or proprietary information is included.
2026-02-16T14:09:48Z main - Using log level: debug
2026-02-16T14:09:48Z main - > request [0xc0006cbcc0]: GET https://api.snyk.io/rest/orgs?slug=jonjagger&version=2024-03-12
2026-02-16T14:09:48Z main - > request [0xc0006cbcc0]: header: map[Authorization:[token ***] Session-Token:[token ***] Snyk-Interaction-Id:[urn:snyk:interaction:a423089e-61e7-48aa-abae-ff43a28a3856] Snyk-Request-Id:[b17fb278-c7fd-415c-b84b-e350f93ee9a3] User-Agent:[snyk-cli/1.1300.2 (linux;amd64) GITHUB_ACTIONS/setup (Linux)] X-Snyk-Cli-Version:[1.1300.2]]
2026-02-16T14:09:48Z main - < response [0xc0006cbe00]: 200 OK
2026-02-16T14:09:48Z main - < response [0xc0006cbe00]: header: map[Akamai-Cache-Status:[Miss from child] Akamai-Grn:[0.8f0c0317.1771250988.79e1db3b] Content-Type:[application/vnd.api+json] Date:[Mon, 16 Feb 2026 14:09:48 GMT] Deprecation:[2024-10-15] Server:[envoy] Snyk-Request-Id:[b17fb278-c7fd-415c-b84b-e350f93ee9a3] Snyk-Version-Lifecycle-Stage:[ga] Snyk-Version-Requested:[2024-03-12] Snyk-Version-Served:[2024-02-28] Strict-Transport-Security:[max-age=31536000; preload] Sunset:[2024-08-26] Vary:[Accept-Encoding] X-Content-Type-Options:[nosniff] X-Envoy-Upstream-Service-Time:[25] X-Frame-Options:[SAMEORIGIN] X-Ratelimit-Limit:[160, 160;w=1;name="crd|generic_key^api-gateway.api-rest|generic_key^per_second|principal_id|ratelimit_bucket^high", 1620;w=60;name="crd|generic_key^api-gateway.api-rest|generic_key^per_minute|principal_id|ratelimit_bucket^high", 97200;w=3600;name="crd|generic_key^api-gateway.api-rest|generic_key^per_hour|principal_id|ratelimit_bucket^high"] X-Ratelimit-Remaining:[159] X-Ratelimit-Reset:[1]]
2026-02-16T14:09:48Z main - Version:               1.1300.2 
2026-02-16T14:09:48Z main - Platform:              linux amd64  GITHUB_ACTIONS/setup  Linux
2026-02-16T14:09:48Z main - API:                   https://api.snyk.io
2026-02-16T14:09:48Z main - Region:                snyk-us-01
2026-02-16T14:09:48Z main - Cache:                 /home/***/.cache/snyk/snyk-cli
2026-02-16T14:09:48Z main - Organization:          040a0c14-fd36-49d7-93ba-ca9468ded4ee
2026-02-16T14:09:48Z main - Insecure HTTPS:        false
2026-02-16T14:09:48Z main - Analytics:             enabled
2026-02-16T14:09:48Z main - Authorization:         ba7397f4***4f94b448  (type=token)
2026-02-16T14:09:48Z main - Interaction:           urn:snyk:interaction:a423089e-61e7-48aa-abae-ff43a28a3856
2026-02-16T14:09:48Z main - Features:              
2026-02-16T14:09:48Z main -   preview:             disabled
2026-02-16T14:09:48Z main -   fips:                Not available
2026-02-16T14:09:48Z main -   request attempts:    1
2026-02-16T14:09:48Z main -   config cache:        enabled (ttl=no expiration)
2026-02-16T14:09:48Z main - Checks:                
2026-02-16T14:09:48Z main -   Configuration:       all good
2026-02-16T14:09:48Z main - > request [0xc000d743c0]: GET https://api.snyk.io/rest/orgs/040a0c14-fd36-49d7-93ba-ca9468ded4ee?version=2024-03-12
2026-02-16T14:09:48Z main - > request [0xc000d743c0]: header: map[Authorization:[token ***] Session-Token:[token ***] Snyk-Interaction-Id:[urn:snyk:interaction:a423089e-61e7-48aa-abae-ff43a28a3856] Snyk-Request-Id:[651c7509-c309-48f7-a39b-14aadca67334] User-Agent:[snyk-cli/1.1300.2 (linux;amd64) GITHUB_ACTIONS/setup (Linux)] X-Snyk-Cli-Version:[1.1300.2]]
2026-02-16T14:09:48Z main - < response [0xc000d74500]: 403 Forbidden
2026-02-16T14:09:48Z main - < response [0xc000d74500]: header: map[Akamai-Cache-Status:[Miss from child] Akamai-Grn:[0.8f0c0317.1771250988.79e1dbf0] Cache-Control:[max-age=0, no-cache, no-store] Content-Length:[195] Content-Type:[application/vnd.api+json] Date:[Mon, 16 Feb 2026 14:09:48 GMT] Deprecation:[2024-10-15] Expires:[Mon, 16 Feb 2026 14:09:48 GMT] Pragma:[no-cache] Server:[envoy] Snyk-Request-Id:[651c7509-c309-48f7-a39b-14aadca67334] Snyk-Version-Lifecycle-Stage:[ga] Snyk-Version-Requested:[2024-03-12] Snyk-Version-Served:[2023-05-29] Strict-Transport-Security:[max-age=31536000; preload] Sunset:[2024-08-26] X-Content-Type-Options:[nosniff] X-Frame-Options:[SAMEORIGIN] X-Ratelimit-Limit:[160, 160;w=1;name="crd|generic_key^api-gateway.api-rest|generic_key^per_second|principal_id|ratelimit_bucket^high", 1620;w=60;name="crd|generic_key^api-gateway.api-rest|generic_key^per_minute|principal_id|ratelimit_bucket^high", 97200;w=3600;name="crd|generic_key^api-gateway.api-rest|generic_key^per_hour|principal_id|ratelimit_bucket^high"] X-Ratelimit-Remaining:[158] X-Ratelimit-Reset:[1]]
2026-02-16T14:10:05Z main - Version:               1.1300.2 
2026-02-16T14:10:05Z main - Platform:              linux amd64  ***/***  Linux
2026-02-16T14:10:05Z main - API:                   https://api***.io
2026-02-16T14:10:05Z main - Region:                snyk-us-01
2026-02-16T14:10:05Z main - Cache:                 ***/.cache/snyk/snyk-cli
2026-02-16T14:10:05Z main - Organization:          040a0c14-fd36-49d7-93ba-ca9468ded4ee
2026-02-16T14:10:05Z main - Insecure HTTPS:        false
2026-02-16T14:10:05Z main - Analytics:             enabled
2026-02-16T14:10:05Z main - Authorization:         ba7397f4***4f94b448  (type=token)
2026-02-16T14:10:05Z main - Interaction:           urn:snyk:interaction:a423089e-61e7-48aa-abae-ff43a28a3856
2026-02-16T14:10:05Z main - Features:              
2026-02-16T14:10:05Z main -   preview:             disabled
2026-02-16T14:10:05Z main -   fips:                Not available
2026-02-16T14:10:05Z main -   request attempts:    1
2026-02-16T14:10:05Z main -   config cache:        enabled (ttl=no expiration)
2026-02-16T14:10:05Z main - Checks:                
2026-02-16T14:10:05Z main -   Configuration:       all good
2026-02-16T14:10:05Z main -
2026-02-16T14:10:05Z main - ------------ Errors ------------
2026-02-16T14:10:05Z main - ERROR:                 Forbidden (SNYK-CLI-0000)
2026-02-16T14:10:05Z main -   Description:
2026-02-16T14:10:05Z main -                        The encountered error only provides basic ***, please take a look at the given details.If th
2026-02-16T14:10:05Z main -                        ey do not help to resolve the issue, consider debugging or consulting support.
2026-02-16T14:10:05Z main -   Links:               
2026-02-16T14:10:05Z main -                        https://docs***.io/snyk-cli/commands
2026-02-16T14:10:05Z main -                        https://docs***.io/snyk-cli/debugging-the-snyk-cli
2026-02-16T14:10:05Z main -                        https://docs***.io/scan-with-snyk/error-catalog#snyk-cli-0000
2026-02-16T14:10:05Z main -
2026-02-16T14:10:05Z main -   Instance 1:
2026-02-16T14:10:05Z main -                        Forbidden
2026-02-16T14:10:05Z main -
2026-02-16T14:10:05Z main -   Requests:            
2026-02-16T14:10:05Z main -     0:                 651c7509-c309-48f7-a39b-14aadca67334 - /rest/orgs/040a0c14-fd36-49d7-93ba-ca9468ded4ee
2026-02-16T14:10:05Z main -
2026-02-16T14:10:05Z main - Exit Code:             0
DID PRODUCE A SARIF FILE
