Run snyk container test "244531986313.dkr.ecr.eu-central-1.amazonaws.com/saver:0d81784@sha256:3873de89ec2011bfb33ead3c6ac834168642c2d557f46af0b968162e7ceaa66a" --org=jonjagger --debug --policy-path=${SNYK_POLICY_FILENAME} --sarif --sarif-file-output="${SNYK_SARIF_FILENAME}"
  snyk container test "244531986313.dkr.ecr.eu-central-1.amazonaws.com/saver:0d81784@sha256:3873de89ec2011bfb33ead3c6ac834168642c2d557f46af0b968162e7ceaa66a" --org=jonjagger --debug --policy-path=${SNYK_POLICY_FILENAME} --sarif --sarif-file-output="${SNYK_SARIF_FILENAME}"
  shell: /usr/bin/bash -e {0}
  env:
    KOSLI_API_TOKEN: ***
    KOSLI_DEBUG: false
    KOSLI_DRY_RUN: false
    KOSLI_HOST: https://app.kosli.com,https://staging.app.kosli.com,https://app.us.kosli.com
    KOSLI_ORG: cyber-dojo
    KOSLI_FLOW: aws-snyk-scan
    KOSLI_ENV: aws-beta
    AWS_ACCOUNT_ID: 244531986313
    AWS_REGION: eu-central-1
    SNYK_POLICY_FILENAME: .snyk
    SNYK_SARIF_FILENAME: snyk.container.scan.json
    KOSLI_TRAIL: saver-3873de89ec2011bfb33ead3c6ac834168642c2d557f46af0b968162e7ceaa66a
    AWS_DEFAULT_REGION: eu-central-1
    AWS_ACCESS_KEY_ID: ***
    AWS_SECRET_ACCESS_KEY: ***
    AWS_SESSION_TOKEN: ***
    SNYK_TOKEN: ***
2026-02-16T14:09:54Z main - ⚠️ WARNING: Potentially Sensitive Information ⚠️
These logs may contain sensitive data, including secrets or passwords. Snyk applies automated safeguards to redact commonly recognized secrets; however, full coverage cannot be guaranteed. We strongly recommend that you carefully review the logs before sharing to ensure no confidential or proprietary information is included.
2026-02-16T14:09:54Z main - Using log level: debug
2026-02-16T14:09:55Z main - > request [0xc00065e780]: GET https://api.snyk.io/rest/orgs?slug=jonjagger&version=2024-03-12
2026-02-16T14:09:55Z main - > request [0xc00065e780]: header: map[Authorization:[token ***] Session-Token:[token ***] Snyk-Interaction-Id:[urn:snyk:interaction:8cafd9e5-1d48-47e6-b145-9ae781fd42d9] Snyk-Request-Id:[f19bff8a-7c3e-4de1-b88a-591aebaa9f10] User-Agent:[snyk-cli/1.1300.2 (linux;amd64) GITHUB_ACTIONS/setup (Linux)] X-Snyk-Cli-Version:[1.1300.2]]
2026-02-16T14:09:55Z main - < response [0xc00065e8c0]: 200 OK
2026-02-16T14:09:55Z main - < response [0xc00065e8c0]: header: map[Akamai-Cache-Status:[Miss from child] Akamai-Grn:[0.f318d017.1771250994.4b1496e] Content-Type:[application/vnd.api+json] Date:[Mon, 16 Feb 2026 14:09:55 GMT] Deprecation:[2024-10-15] Server:[envoy] Snyk-Request-Id:[f19bff8a-7c3e-4de1-b88a-591aebaa9f10] Snyk-Version-Lifecycle-Stage:[ga] Snyk-Version-Requested:[2024-03-12] Snyk-Version-Served:[2024-02-28] Strict-Transport-Security:[max-age=31536000; preload] Sunset:[2024-08-26] Vary:[Accept-Encoding] X-Content-Type-Options:[nosniff] X-Envoy-Upstream-Service-Time:[35] X-Frame-Options:[SAMEORIGIN] X-Ratelimit-Limit:[160, 160;w=1;name="crd|generic_key^api-gateway.api-rest|generic_key^per_second|principal_id|ratelimit_bucket^high", 1620;w=60;name="crd|generic_key^api-gateway.api-rest|generic_key^per_minute|principal_id|ratelimit_bucket^high", 97200;w=3600;name="crd|generic_key^api-gateway.api-rest|generic_key^per_hour|principal_id|ratelimit_bucket^high"] X-Ratelimit-Remaining:[158] X-Ratelimit-Reset:[1]]
2026-02-16T14:09:55Z main - Version:               1.1300.2 
2026-02-16T14:09:55Z main - Platform:              linux amd64  GITHUB_ACTIONS/setup  Linux
2026-02-16T14:09:55Z main - API:                   https://api.snyk.io
2026-02-16T14:09:55Z main - Region:                snyk-us-01
2026-02-16T14:09:55Z main - Cache:                 /home/***/.cache/snyk/snyk-cli
2026-02-16T14:09:55Z main - Organization:          040a0c14-fd36-49d7-93ba-ca9468ded4ee
2026-02-16T14:09:55Z main - Insecure HTTPS:        false
2026-02-16T14:09:55Z main - Analytics:             enabled
2026-02-16T14:09:55Z main - Authorization:         ba7397f4***4f94b448  (type=token)
2026-02-16T14:09:55Z main - Interaction:           urn:snyk:interaction:8cafd9e5-1d48-47e6-b145-9ae781fd42d9
2026-02-16T14:09:55Z main - Features:              
2026-02-16T14:09:55Z main -   preview:             disabled
2026-02-16T14:09:55Z main -   fips:                Not available
2026-02-16T14:09:55Z main -   request attempts:    1
2026-02-16T14:09:55Z main -   config cache:        enabled (ttl=no expiration)
2026-02-16T14:09:55Z main - Checks:                
2026-02-16T14:09:55Z main -   Configuration:       all good
2026-02-16T14:09:55Z main - > request [0xc000768640]: GET https://api.snyk.io/rest/orgs/040a0c14-fd36-49d7-93ba-ca9468ded4ee?version=2024-03-12
2026-02-16T14:09:55Z main - > request [0xc000768640]: header: map[Authorization:[token ***] Session-Token:[token ***] Snyk-Interaction-Id:[urn:snyk:interaction:8cafd9e5-1d48-47e6-b145-9ae781fd42d9] Snyk-Request-Id:[d5b5fd79-bfaa-47e2-a885-bdbc336aa2ee] User-Agent:[snyk-cli/1.1300.2 (linux;amd64) GITHUB_ACTIONS/setup (Linux)] X-Snyk-Cli-Version:[1.1300.2]]
2026-02-16T14:09:55Z main - < response [0xc000768780]: 403 Forbidden
2026-02-16T14:09:55Z main - < response [0xc000768780]: header: map[Akamai-Cache-Status:[Miss from child] Akamai-Grn:[0.f318d017.1771250995.4b14ba8] Cache-Control:[max-age=0, no-cache, no-store] Content-Length:[195] Content-Type:[application/vnd.api+json] Date:[Mon, 16 Feb 2026 14:09:55 GMT] Deprecation:[2024-10-15] Expires:[Mon, 16 Feb 2026 14:09:55 GMT] Pragma:[no-cache] Server:[envoy] Snyk-Request-Id:[d5b5fd79-bfaa-47e2-a885-bdbc336aa2ee] Snyk-Version-Lifecycle-Stage:[ga] Snyk-Version-Requested:[2024-03-12] Snyk-Version-Served:[2023-05-29] Strict-Transport-Security:[max-age=31536000; preload] Sunset:[2024-08-26] X-Content-Type-Options:[nosniff] X-Frame-Options:[SAMEORIGIN] X-Ratelimit-Limit:[160, 160;w=1;name="crd|generic_key^api-gateway.api-rest|generic_key^per_second|principal_id|ratelimit_bucket^high", 1620;w=60;name="crd|generic_key^api-gateway.api-rest|generic_key^per_minute|principal_id|ratelimit_bucket^high", 97200;w=3600;name="crd|generic_key^api-gateway.api-rest|generic_key^per_hour|principal_id|ratelimit_bucket^high"] X-Ratelimit-Remaining:[156] X-Ratelimit-Reset:[1]]
      ],
      "total": 2493
    },
    "cpu_time": {
      "type": "synthetic",
      "values": [
        4057
      ],
      "total": 4057
    }
  }
}
2026-02-16T14:10:02Z legacycli:1 - snyk sending request to: https://api***.io/v1/analytics/cli
snyk request body size: 751
snyk gzipped request body size: 467
2026-02-16T14:10:02Z legacycli:1 - snyk using proxy: http://***@127.0.0.1:33865
2026-02-16T14:10:02Z legacycli:1 - [011] INFO: Running 1 CONNECT handlers
2026-02-16T14:10:02Z legacycli:1 - HandleConnect - basic *** result: &{0 <nil> 0xbe1420}api***.io:443
2026-02-16T14:10:02Z legacycli:1 - [011] INFO: on 0th handler: &{2 <nil> 0xbe1040} api***.io:443
2026-02-16T14:10:02Z legacycli:1 - [011] INFO: Assuming CONNECT is TLS, mitm proxying it
2026-02-16T14:10:02Z legacycli:1 - [011] INFO: signing for api***.io
2026-02-16T14:10:03Z legacycli:1 - [012] INFO: req api***.io:443
2026-02-16T14:10:03Z main - > request [0xc000125a40]: POST https://api***.io:443/v1/analytics/cli?org=***
2026-02-16T14:10:03Z main - > request [0xc000125a40]: header: map[Accept:[application/json] Authorization:[token ***] Connection:[close] Content-Encoding:[gzip] Content-Length:[467] Content-Type:[application/json; charset=utf-8] Session-Token:[token ***] Snyk-Interaction-Id:[urn:snyk:interaction:8cafd9e5-1d48-47e6-b145-9ae781fd42d9] Snyk-Request-Id:[ed016bb3-6a4b-4455-b04c-96c56f19aafa] User-Agent:[snyk-cli/1.1300.2 (linux;amd64) ***/*** ***] X-Snyk-Cli-Version:[1.1300.2]]
2026-02-16T14:10:03Z main - < response [0xc000125b80]: 200 OK
2026-02-16T14:10:03Z main - < response [0xc000125b80]: header: map[Akamai-Cache-Status:[Miss from child] Akamai-Grn:[0.f318d017.1771251003.4b1f5cc] Content-Length:[11] Content-Security-Policy:[base-uri https://app***.io; script-src 'self' 'nonce-SYylI77J2Z/cS6BZ3ZrR0w==' 'unsafe-inline' 'unsafe-eval' 'strict-dynamic' 'report-sample'; img-src https: data:; object-src 'none'; frame-ancestors https://app***.io https://learn***.io https://login***.io https://security***.io; report-to csp-report-group; report-uri https://web-reports***.io/csp?version=cd591b623d4fc37d1e4211643fae0a0b455d24ed;] Content-Type:[application/json; charset=utf-8] Date:[Mon, 16 Feb 2026 14:10:03 GMT] Report-To:[{"group":"csp-report-group","max_age":1800,"endpoints":[{"url":"https://web-reports***.io/csp?version=cd591b623d4fc37d1e4211643fae0a0b455d24ed"}],"include_subdomains":true}] Snyk-Request-Id:[ed016bb3-6a4b-4455-b04c-96c56f19aafa] Strict-Transport-Security:[max-age=31536000; preload] Vary:[X-HTTP-Method-Override, Accept-Encoding] X-Content-Type-Options:[nosniff] X-Frame-Options:[SAMEORIGIN] X-Ratelimit-Limit:[200, 200;w=1;name="crd|generic_key^api-gateway.api-v1|generic_key^per_second|principal_id|ratelimit_bucket^high", 2000;w=60;name="crd|generic_key^api-gateway.api-v1|generic_key^per_minute|principal_id|ratelimit_bucket^high", 60000;w=3600;name="crd|generic_key^api-gateway.api-v1|generic_key^per_hour|principal_id|ratelimit_bucket^high"] X-Ratelimit-Remaining:[199] X-Ratelimit-Reset:[1]]
2026-02-16T14:10:03Z legacycli:1 - [011] INFO: Exiting on EOF
2026-02-16T14:10:03Z legacycli:1 - Workflow End
2026-02-16T14:10:03Z main - Deriving Exit Code 0 (cause: <nil>)
2026-02-16T14:10:03Z main - Sending Analytics
2026-02-16T14:10:03Z main - > request [0xc001063cc0]: POST https://api***.io/v1/analytics/cli?org=040a0c14-fd36-49d7-93ba-ca9468ded4ee
2026-02-16T14:10:03Z main - > request [0xc001063cc0]: header: map[Authorization:[token ***] Content-Type:[application/json; charset=utf-8] Session-Token:[token ***] Snyk-Interaction-Id:[urn:snyk:interaction:8cafd9e5-1d48-47e6-b145-9ae781fd42d9] Snyk-Request-Id:[e171f662-6c18-43ef-a514-4b4a004901c3] User-Agent:[snyk-cli/1.1300.2 (linux;amd64) ***/*** ***] X-Snyk-Cli-Version:[1.1300.2]]
2026-02-16T14:10:03Z main - < response [0xc001063e00]: 200 OK
2026-02-16T14:10:03Z main - < response [0xc001063e00]: header: map[Akamai-Cache-Status:[Miss from child] Akamai-Grn:[0.f318d017.1771251003.4b1fbd3] Content-Length:[11] Content-Security-Policy:[base-uri https://app***.io; script-src 'self' 'nonce-V9+RDcCCJdwv8hMq4pheiQ==' 'unsafe-inline' 'unsafe-eval' 'strict-dynamic' 'report-sample'; img-src https: data:; object-src 'none'; frame-ancestors https://app***.io https://learn***.io https://login***.io https://security***.io; report-to csp-report-group; report-uri https://web-reports***.io/csp?version=cd591b623d4fc37d1e4211643fae0a0b455d24ed;] Content-Type:[application/json; charset=utf-8] Date:[Mon, 16 Feb 2026 14:10:03 GMT] Report-To:[{"group":"csp-report-group","max_age":1800,"endpoints":[{"url":"https://web-reports***.io/csp?version=cd591b623d4fc37d1e4211643fae0a0b455d24ed"}],"include_subdomains":true}] Snyk-Request-Id:[e171f662-6c18-43ef-a514-4b4a004901c3] Strict-Transport-Security:[max-age=31536000; preload] Vary:[X-HTTP-Method-Override, Accept-Encoding] X-Content-Type-Options:[nosniff] X-Frame-Options:[SAMEORIGIN] X-Ratelimit-Limit:[200, 200;w=1;name="crd|generic_key^api-gateway.api-v1|generic_key^per_second|principal_id|ratelimit_bucket^high", 2000;w=60;name="crd|generic_key^api-gateway.api-v1|generic_key^per_minute|principal_id|ratelimit_bucket^high", 60000;w=3600;name="crd|generic_key^api-gateway.api-v1|generic_key^per_hour|principal_id|ratelimit_bucket^high"] X-Ratelimit-Remaining:[197] X-Ratelimit-Reset:[1]]
2026-02-16T14:10:03Z main - Analytics successfully send
2026-02-16T14:10:03Z main - Sending Instrumentation
2026-02-16T14:10:03Z analytics.report:2 - Workflow Start
2026-02-16T14:10:03Z analytics.report:2 - adding command line input
2026-02-16T14:10:03Z analytics.report:2 - [0] Processing element
2026-02-16T14:10:03Z analytics.report:2 - [0] Schema Version: 2
2026-02-16T14:10:03Z analytics.report:2 - [0] Data: {"data":{"attributes":{"interaction":{"categories":["container","test","org","debug","policy-path","sarif","sarif-file-output"],"errors":[],"extension":{"c-runtime-details":"ldd (Ubuntu GLIBC 2.39-0ubuntu8.7) 2.39\nCopyright (C) 2024 Free Software Foundation, Inc.\nThis is free software; see the source for copying conditions.  There is NO\nwarranty; not even for MERCHANTABILITY or FITNESS FOR A PARTICULAR PURPOSE.\nWritten by Roland McGrath and Ulrich Drepper.","exitcode":0,"legacycli::metadata__depGraph":"[true true]","legacycli::metadata__isDocker":"[true true]","legacycli::metadata__local":true,"legacycli::metadata__policies":2,"legacycli::metadata__policyLocations":"[*** ***]","legacycli::metadata__upgradable-snyk-protect-paths":0,"legacycli::metadata__vulns":0,"legacycli::metadata__vulns-pre-policy":0,"legacycli::org":"***","legacycli::static-nodejs-binary":false,"network-request-attempts":1,"os-details":"#17~24.04.1-Ubuntu SMP Mon Dec  1 20:10:50 UTC 2025"},"id":"urn:snyk:interaction:8cafd9e5-1d48-47e6-b145-9ae781fd42d9","results":[],"stage":"cicd","status":"success","target":{"id":"pkg:git/github.com/***/***s@***?***=main"},"timestamp_ms":1771250995085,"type":""},"runtime":{"application":{"name":"snyk-cli","version":"1.1300.2"},"integration":{"name":"***","version":"*** ***"},"performance":{"duration_ms":8658},"platform":{"arch":"amd64","os":"linux"}}},"type":""}}
2026-02-16T14:10:03Z main - > request [0xc006984c80]: POST https://api***.io/hidden/orgs/040a0c14-fd36-49d7-93ba-ca9468ded4ee/analytics?version=2024-03-07~experimental
2026-02-16T14:10:03Z main - > request [0xc006984c80]: header: map[Authorization:[token ***] Content-Type:[application/json] Session-Token:[token ***] Snyk-Interaction-Id:[urn:snyk:interaction:8cafd9e5-1d48-47e6-b145-9ae781fd42d9] Snyk-Request-Id:[1171f943-7bee-4145-8557-c4ec7b81e703] User-Agent:[snyk-cli/1.1300.2 (linux;amd64) ***/*** ***] X-Snyk-Cli-Version:[1.1300.2]]
2026-02-16T14:10:03Z main - < response [0xc006984dc0]: 201 Created
2026-02-16T14:10:03Z main - < response [0xc006984dc0]: header: map[Akamai-Cache-Status:[Miss from child] Akamai-Grn:[0.f318d017.1771251003.4b1fdbd] Content-Length:[2] Content-Type:[application/json] Date:[Mon, 16 Feb 2026 14:10:03 GMT] Deprecation:[2024-10-15] Server:[envoy] Snyk-Request-Id:[1171f943-7bee-4145-8557-c4ec7b81e703] Snyk-Version-Lifecycle-Stage:[experimental] Snyk-Version-Requested:[2024-03-07~experimental] Snyk-Version-Served:[2024-03-07~experimental] Strict-Transport-Security:[max-age=31536000; preload] Sunset:[2024-04-06] X-Content-Type-Options:[nosniff] X-Envoy-Upstream-Service-Time:[2] X-Frame-Options:[SAMEORIGIN] X-Ratelimit-Limit:[160, 160;w=1;name="crd|generic_key^api-gateway.api-rest|generic_key^per_second|principal_id|ratelimit_bucket^high", 1620;w=60;name="crd|generic_key^api-gateway.api-rest|generic_key^per_minute|principal_id|ratelimit_bucket^high", 97200;w=3600;name="crd|generic_key^api-gateway.api-rest|generic_key^per_hour|principal_id|ratelimit_bucket^high"] X-Ratelimit-Remaining:[159] X-Ratelimit-Reset:[1]]
2026-02-16T14:10:03Z analytics.report:2 - Workflow End
2026-02-16T14:10:03Z main - Instrumentation successfully sent
2026-02-16T14:10:03Z internal.cleanup:3 - Workflow Start
2026-02-16T14:10:03Z internal.cleanup:3 - Deleted temporary certificate file: ***/.cache/snyk/snyk-cli/1.1300.2/tmp/pid2397/snyk-cli-cert-416313173.crt
2026-02-16T14:10:03Z internal.cleanup:3 - Deleted temporary directory: ***/.cache/snyk/snyk-cli/1.1300.2/tmp/pid2397
2026-02-16T14:10:03Z internal.cleanup:3 - Workflow End
2026-02-16T14:10:03Z main -
2026-02-16T14:10:03Z main - ------------ Summary ------------
2026-02-16T14:10:03Z main - Version:               1.1300.2 
2026-02-16T14:10:03Z main - Platform:              linux amd64  ***/***  Linux
2026-02-16T14:10:03Z main - API:                   https://api***.io
2026-02-16T14:10:03Z main - Region:                snyk-us-01
2026-02-16T14:10:03Z main - Cache:                 ***/.cache/snyk/snyk-cli
2026-02-16T14:10:03Z main - Organization:          040a0c14-fd36-49d7-93ba-ca9468ded4ee
2026-02-16T14:10:03Z main - Insecure HTTPS:        false
2026-02-16T14:10:03Z main - Analytics:             enabled
2026-02-16T14:10:03Z main - Authorization:         ba7397f4***4f94b448  (type=token)
2026-02-16T14:10:03Z main - Interaction:           urn:snyk:interaction:8cafd9e5-1d48-47e6-b145-9ae781fd42d9
2026-02-16T14:10:03Z main - Features:              
2026-02-16T14:10:03Z main -   preview:             disabled
2026-02-16T14:10:03Z main -   fips:                Not available
2026-02-16T14:10:03Z main -   request attempts:    1
2026-02-16T14:10:03Z main -   config cache:        enabled (ttl=no expiration)
2026-02-16T14:10:03Z main - Checks:                
2026-02-16T14:10:03Z main -   Configuration:       all good
2026-02-16T14:10:03Z main -
2026-02-16T14:10:03Z main - ------------ Errors ------------
2026-02-16T14:10:03Z main - ERROR:                 Forbidden (SNYK-CLI-0000)
2026-02-16T14:10:03Z main -   Description:
2026-02-16T14:10:03Z main -                        The encountered error only provides basic ***, please take a look at the given details.If th
2026-02-16T14:10:03Z main -                        ey do not help to resolve the issue, consider debugging or consulting support.
2026-02-16T14:10:03Z main -   Links:               
2026-02-16T14:10:03Z main -                        https://docs***.io/snyk-cli/commands
2026-02-16T14:10:03Z main -                        https://docs***.io/snyk-cli/debugging-the-snyk-cli
2026-02-16T14:10:03Z main -                        https://docs***.io/scan-with-snyk/error-catalog#snyk-cli-0000
2026-02-16T14:10:03Z main -
2026-02-16T14:10:03Z main -   Instance 1:
2026-02-16T14:10:03Z main -                        Forbidden
2026-02-16T14:10:03Z main -
2026-02-16T14:10:03Z main -   Requests:            
2026-02-16T14:10:03Z main -     0:                 d5b5fd79-bfaa-47e2-a885-bdbc336aa2ee - /rest/orgs/040a0c14-fd36-49d7-93ba-ca9468ded4ee
2026-02-16T14:10:03Z main -
2026-02-16T14:10:03Z main - Exit Code:             0
DID PRODUCE A SARIF FILE