Run snyk container test "244531986313.dkr.ecr.eu-central-1.amazonaws.com/web:6023a15@sha256:e08d60d6c3ee4c66b5e27647608ac07fcecaa09bfa81c0b100748b1fdfcb7c36" --org=jonjagger --debug --policy-path=${SNYK_POLICY_FILENAME} --sarif --sarif-file-output="${SNYK_SARIF_FILENAME}"
  snyk container test "244531986313.dkr.ecr.eu-central-1.amazonaws.com/web:6023a15@sha256:e08d60d6c3ee4c66b5e27647608ac07fcecaa09bfa81c0b100748b1fdfcb7c36" --org=jonjagger --debug --policy-path=${SNYK_POLICY_FILENAME} --sarif --sarif-file-output="${SNYK_SARIF_FILENAME}"
  shell: /usr/bin/bash -e {0}
  env:
    KOSLI_API_TOKEN: ***
    KOSLI_DEBUG: false
    KOSLI_DRY_RUN: false
    KOSLI_HOST: https://app.kosli.com,https://staging.app.kosli.com,https://app.us.kosli.com
    KOSLI_ORG: cyber-dojo
    KOSLI_FLOW: aws-snyk-scan
    KOSLI_ENV: aws-beta
    AWS_ACCOUNT_ID: 244531986313
    AWS_REGION: eu-central-1
    SNYK_POLICY_FILENAME: .snyk
    SNYK_SARIF_FILENAME: snyk.container.scan.json
    KOSLI_TRAIL: web-e08d60d6c3ee4c66b5e27647608ac07fcecaa09bfa81c0b100748b1fdfcb7c36
    AWS_DEFAULT_REGION: eu-central-1
    AWS_ACCESS_KEY_ID: ***
    AWS_SECRET_ACCESS_KEY: ***
    AWS_SESSION_TOKEN: ***
    SNYK_TOKEN: ***
2026-02-16T14:09:54Z main - ⚠️ WARNING: Potentially Sensitive Information ⚠️
These logs may contain sensitive data, including secrets or passwords. Snyk applies automated safeguards to redact commonly recognized secrets; however, full coverage cannot be guaranteed. We strongly recommend that you carefully review the logs before sharing to ensure no confidential or proprietary information is included.
2026-02-16T14:09:54Z main - Using log level: debug
2026-02-16T14:09:54Z main - > request [0xc000910280]: GET https://api.snyk.io/rest/orgs?slug=jonjagger&version=2024-03-12
2026-02-16T14:09:54Z main - > request [0xc000910280]: header: map[Authorization:[token ***] Session-Token:[token ***] Snyk-Interaction-Id:[urn:snyk:interaction:4b2973a2-cccc-431f-97ba-9a9ca48f75ae] Snyk-Request-Id:[cc10482c-6306-4b5e-b7fb-6216bdc4399a] User-Agent:[snyk-cli/1.1300.2 (linux;amd64) GITHUB_ACTIONS/setup (Linux)] X-Snyk-Cli-Version:[1.1300.2]]
2026-02-16T14:09:54Z main - < response [0xc0009103c0]: 200 OK
2026-02-16T14:09:54Z main - < response [0xc0009103c0]: header: map[Akamai-Cache-Status:[Miss from child] Akamai-Grn:[0.6612df17.1771250994.36133c] Content-Type:[application/vnd.api+json] Date:[Mon, 16 Feb 2026 14:09:54 GMT] Deprecation:[2024-10-15] Server:[envoy] Snyk-Request-Id:[cc10482c-6306-4b5e-b7fb-6216bdc4399a] Snyk-Version-Lifecycle-Stage:[ga] Snyk-Version-Requested:[2024-03-12] Snyk-Version-Served:[2024-02-28] Strict-Transport-Security:[max-age=31536000; preload] Sunset:[2024-08-26] Vary:[Accept-Encoding] X-Content-Type-Options:[nosniff] X-Envoy-Upstream-Service-Time:[35] X-Frame-Options:[SAMEORIGIN] X-Ratelimit-Limit:[160, 160;w=1;name="crd|generic_key^api-gateway.api-rest|generic_key^per_second|principal_id|ratelimit_bucket^high", 1620;w=60;name="crd|generic_key^api-gateway.api-rest|generic_key^per_minute|principal_id|ratelimit_bucket^high", 97200;w=3600;name="crd|generic_key^api-gateway.api-rest|generic_key^per_hour|principal_id|ratelimit_bucket^high"] X-Ratelimit-Remaining:[154] X-Ratelimit-Reset:
2026-02-16T14:09:54Z main - Version:               1.1300.2 
2026-02-16T14:09:54Z main - Platform:              linux amd64  GITHUB_ACTIONS/setup  Linux
2026-02-16T14:09:54Z main - API:                   https://api.snyk.io
2026-02-16T14:09:54Z main - Region:                snyk-us-01
2026-02-16T14:09:54Z main - Cache:                 /home/***/.cache/snyk/snyk-cli
2026-02-16T14:09:54Z main - Organization:          040a0c14-fd36-49d7-93ba-ca9468ded4ee
2026-02-16T14:09:54Z main - Insecure HTTPS:        false
2026-02-16T14:09:54Z main - Analytics:             enabled
2026-02-16T14:09:54Z main - Authorization:         ba7397f4***4f94b448  (type=token)
2026-02-16T14:09:54Z main - Interaction:           urn:snyk:interaction:4b2973a2-cccc-431f-97ba-9a9ca48f75ae
2026-02-16T14:09:54Z main - Features:              
2026-02-16T14:09:54Z main -   preview:             disabled
2026-02-16T14:09:54Z main -   fips:                Not available
2026-02-16T14:09:54Z main -   request attempts:    1
2026-02-16T14:09:54Z main -   config cache:        enabled (ttl=no expiration)
2026-02-16T14:09:54Z main - Checks:                
2026-02-16T14:09:54Z main -   Configuration:       all good
2026-02-16T14:09:55Z main - > request [0xc00061c280]: GET https://api.snyk.io/rest/orgs/040a0c14-fd36-49d7-93ba-ca9468ded4ee?version=2024-03-12
2026-02-16T14:09:55Z main - > request [0xc00061c280]: header: map[Authorization:[token ***] Session-Token:[token ***] Snyk-Interaction-Id:[urn:snyk:interaction:4b2973a2-cccc-431f-97ba-9a9ca48f75ae] Snyk-Request-Id:[6bb04a0b-f485-4935-b9df-59703c542de4] User-Agent:[snyk-cli/1.1300.2 (linux;amd64) GITHUB_ACTIONS/setup (Linux)] X-Snyk-Cli-Version:[1.1300.2]]
2026-02-16T14:09:55Z main - < response [0xc00061c3c0]: 403 Forbidden
2026-02-16T14:09:55Z main - < response [0xc00061c3c0]: header: map[Akamai-Cache-Status:[Miss from child] Akamai-Grn:[0.6612df17.1771250994.3614b0] Cache-Control:[max-age=0, no-cache, no-store] Content-Length:[195] Content-Type:[application/vnd.api+json] Date:[Mon, 16 Feb 2026 14:09:55 GMT] Deprecation:[2024-10-15] Expires:[Mon, 16 Feb 2026 14:09:55 GMT] Pragma:[no-cache] Server:[envoy] Snyk-Request-Id:[6bb04a0b-f485-4935-b9df-59703c542de4] Snyk-Version-Lifecycle-Stage:[ga] Snyk-Version-Requested:[2024-03-12] Snyk-Version-Served:[2023-05-29] Strict-Transport-Security:[max-age=31536000; preload] Sunset:[2024-08-26] X-Content-Type-Options:[nosniff] X-Frame-Options:[SAMEORIGIN] X-Ratelimit-Limit:[160, 160;w=1;name="crd|generic_key^api-gateway.api-rest|generic_key^per_second|principal_id|ratelimit_bucket^high", 1620;w=60;name="crd|generic_key^api-gateway.api-rest|generic_key^per_minute|principal_id|ratelimit_bucket^high", 97200;w=3600;name="crd|generic_key^api-gateway.api-rest|generic_key^per_hour|principal_id|rat
2026-02-16T14:09:55Z main - < response [0xc00061c3c0]: body: {"jsonapi":{"version":"1.0"},"errors":[{"status":"403","detail":"Forbidden","id":"db9b0d72-6e0e-4633-bd37-d00b5e76f02f","title":"Forbidden","meta":{"created":"2026-02-13T22:06:10.832412445Z"}}]}
2026-02-16T14:09:55Z main - < error: Forbidden
2026-02-16T14:09:55Z main - Failed to determine default value for "ORGANIZATION_SLUG":Get "https://api.snyk.io/rest/orgs/040a0c14-fd36-49d7-93ba-ca9468ded4ee?version=2024-03-12": Forbidden
2026-02-16T14:09:55Z main - Using Legacy CLI to serve the command. (reason: unknown command)
2026-02-16T14:09:55Z legacycli:1 - Workflow Start
2026-02-16T14:09:55Z legacycli:1 - Use StdIO:true
2026-02-16T14:09:55Z legacycli:1 - Working directory:
2026-02-16T14:09:55Z legacycli:1 - Init start
2026-02-16T14:09:55Z legacycli:1 - Init-Lock acquired: true (***/.cache/snyk/snyk-cli/1.1300.2.lock)
2026-02-16T14:09:55Z legacycli:1 - Validating sha256 of ***/.cache/snyk/snyk-cli/1.1300.2/snyk-linux
2026-02-16T14:09:55Z legacycli:1 - expected:  e8d9051d42f2f7ffd0b305580ee497b74805a1c0c8431e00e4d339cb25313624
2026-02-16T14:09:55Z legacycli:1 - actual:    e8d9051d42f2f7ffd0b305580ee497b74805a1c0c8431e00e4d339cb25313624
2026-02-16T14:09:55Z legacycli:1 - Extraction not required
2026-02-16T14:09:55Z legacycli:1 - Init end
2026-02-16T14:09:55Z legacycli:1 - Creating new Certificate Authority
2026-02-16T14:09:55Z legacycli:1 - Temporary CertificateLocation: ***/.cache/snyk/snyk-cli/1.1300.2/tmp/pid2482/snyk-cli-cert-3823217717.crt
2026-02-16T14:09:55Z legacycli:1 - starting proxy
2026-02-16T14:09:55Z legacycli:1 - Wrapper proxy is listening on port: 36525
2026-02-16T14:09:55Z legacycli:1 - Launching:
2026-02-16T14:09:55Z legacycli:1 - ***/.cache/snyk/snyk-cli/1.1300.2/snyk-linux
2026-02-16T14:09:55Z legacycli:1 - With Arguments:
2026-02-16T14:09:55Z legacycli:1 - container test ***.dkr.ecr.***.amazonaws.com/web:6023a15@sha256:e08d60d6c3ee4c66b5e27647608ac07fcecaa09bfa81c0b100748b1fdfcb7c36 --org=*** --debug --policy-path=*** --sarif --sarif-file-output=***
2026-02-16T14:09:55Z legacycli:1 - With Environment:
2026-02-16T14:09:55Z legacycli:1 - NODE_EXTRA_CA_CERTS = ***/.cache/snyk/snyk-cli/1.1300.2/tmp/pid2482/snyk-cli-cert-3823217717.crt
2026-02-16T14:09:55Z legacycli:1 - HTTPS_PROXY = http://***@127.0.0.1:36525
2026-02-16T14:09:55Z legacycli:1 - HTTP_PROXY = http://***@127.0.0.1:36525
2026-02-16T14:09:55Z legacycli:1 - NO_PROXY = localhost,127.0.0.1,::1
2026-02-16T14:09:55Z legacycli:1 - SNYK_SYSTEM_HTTPS_PROXY =
2026-02-16T14:09:55Z legacycli:1 - SNYK_SYSTEM_HTTP_PROXY =
2026-02-16T14:09:55Z legacycli:1 - SNYK_SYSTEM_NO_PROXY =
2026-02-16T14:09:55Z legacycli:1 - SNYK_API = https://api***.io
2026-02-16T14:09:55Z legacycli:1 - snyk using proxy: http://***@127.0.0.1:36525
2026-02-16T14:09:55Z legacycli:1 - snyk Using a custom Snyk API 'SNYK_API' environment variable 'https://api***.io'
2026-02-16T14:09:55Z legacycli:1 - [001] INFO: Running 1 CONNECT handlers
2026-02-16T14:09:55Z legacycli:1 - HandleConnect - basic *** result: &{0 <nil> 0xbe1420}api***.io:443
2026-02-16T14:09:55Z legacycli:1 - [001] INFO: on 0th handler: &{2 <nil> 0xbe1040} api***.io:443
2026-02-16T14:09:55Z legacycli:1 - [001] INFO: Assuming CONNECT is TLS, mitm proxying it
2026-02-16T14:09:55Z legacycli:1 - [001] INFO: signing for api***.io
2026-02-16T14:09:56Z legacycli:1 - [002] INFO: req api***.io:443
2026-02-16T14:09:56Z main - > request [0xc00061dcc0]: GET https://api***.io:443/v1/cli-config/feature-flags/containerCliAppVulnsEnabled?org=***
2026-02-16T14:09:56Z main - > request [0xc00061dcc0]: header: map[Accept:[application/json] Authorization:[token ***] Connection:[close] Session-Token:[token ***] Snyk-Interaction-Id:[urn:snyk:interaction:4b2973a2-cccc-431f-97ba-9a9ca48f75ae] Snyk-Request-Id:[f0bb3cac-390e-4623-ac07-1be0566a64d8] User-Agent:[snyk-cli/1.1300.2 (linux;amd64) ***/*** ***] X-Snyk-Cli-Version:[1.1300.2]]
2026-02-16T14:09:56Z main - < response [0xc00020b040]: 200 OK
2026-02-16T14:09:56Z main - < response [0xc00020b040]: header: map[Akamai-Cache-Status:[Miss from child] Akamai-Grn:[0.6612df17.1771250996.361d76] Content-Length:[11] Content-Security-Policy:[base-uri https://app***.io; script-src 'self' 'nonce-9D4EM9B67ftsIAdyvmtXMg==' 'unsafe-inline' 'unsafe-eval' 'strict-dynamic' 'report-sample'; img-src https: data:; object-src 'none'; frame-ancestors https://app***.io https://learn***.io https://login***.io https://security***.io; report-to csp-report-group; report-uri https://web-reports***.io/csp?version=cd591b623d4fc37d1e4211643fae0a0b455d24ed;] Content-Type:[application/json; charset=utf-8] Date:[Mon, 16 Feb 2026 14:09:56 GMT] Report-To:[{"group":"csp-report-group","max_age":1800,"endpoints":[{"url":"https://web-reports***.io/csp?version=cd591b623d4fc37d1e4211643fae0a0b455d24ed"}],"include_subdomains":true}] Snyk-Request-Id:[f0bb3cac-390e-4623-ac07-1be0566a64d8] Strict-Transport-Security:[max-age=31536000; preload] Vary:[Accept-Encoding] X-Content-Type-Options:[nosni
2026-02-16T14:09:56Z legacycli:1 - [001] INFO: Exiting on EOF
2026-02-16T14:09:56Z legacycli:1 - snyk using proxy: http://***@127.0.0.1:36525
2026-02-16T14:09:56Z legacycli:1 - [003] INFO: Running 1 CONNECT handlers
2026-02-16T14:09:56Z legacycli:1 - HandleConnect - basic *** result: &{0 <nil> 0xbe1420}api***.io:443
2026-02-16T14:09:56Z legacycli:1 - [003] INFO: on 0th handler: &{2 <nil> 0xbe1040} api***.io:443
2026-02-16T14:09:56Z legacycli:1 - [003] INFO: Assuming CONNECT is TLS, mitm proxying it
2026-02-16T14:09:56Z legacycli:1 - [003] INFO: signing for api***.io
2026-02-16T14:09:56Z legacycli:1 - [004] INFO: req api***.io:443
2026-02-16T14:09:57Z main - > request [0xc000910640]: GET https://api***.io:443/v1/cli-config/feature-flags/scanUsrLibJars?org=***
2026-02-16T14:09:57Z main - > request [0xc000910640]: header: map[Accept:[application/json] Authorization:[token ***] Connection:[close] Session-Token:[token ***] Snyk-Interaction-Id:[urn:snyk:interaction:4b2973a2-cccc-431f-97ba-9a9ca48f75ae] Snyk-Request-Id:[0cad4e16-21b1-4bba-a045-3a5096d26299] User-Agent:[snyk-cli/1.1300.2 (linux;amd64) ***/*** ***] X-Snyk-Cli-Version:[1.1300.2]]
2026-02-16T14:09:57Z main - < response [0xc000910780]: 403 Forbidden
2026-02-16T14:09:57Z main - < response [0xc000910780]: header: map[Akamai-Cache-Status:[Miss from child] Akamai-Grn:[0.6612df17.1771250996.3620b2] Content-Length:[91] Content-Security-Policy:[base-uri https://app***.io; script-src 'self' 'nonce-7/cUqVmbtjWetVNEb3OEXA==' 'unsafe-inline' 'unsafe-eval' 'strict-dynamic' 'report-sample'; img-src https: data:; object-src 'none'; frame-ancestors https://app***.io https://learn***.io https://login***.io https://security***.io; report-to csp-report-group; report-uri https://web-reports***.io/csp?version=cd591b623d4fc37d1e4211643fae0a0b455d24ed;] Content-Type:[application/json; charset=utf-8] Date:[Mon, 16 Feb 2026 14:09:57 GMT] Report-To:[{"group":"csp-report-group","max_age":1800,"endpoints":[{"url":"https://web-reports***.io/csp?version=cd591b623d4fc37d1e4211643fae0a0b455d24ed"}],"include_subdomains":true}] Snyk-Request-Id:[0cad4e16-21b1-4bba-a045-3a5096d26299] Strict-Transport-Security:[max-age=31536000; preload] Vary:[Accept-Encoding] X-Content-Type-Options:[nosni
2026-02-16T14:09:57Z main - < response [0xc000910780]: body: {"ok":false,"userMessage":"Org *** doesn't have 'scan-usr-lib-jars' feature enabled"}
2026-02-16T14:09:57Z legacycli:1 - [003] INFO: Exiting on EOF
2026-02-16T14:09:57Z legacycli:1 - snyk using proxy: http://***@127.0.0.1:36525
2026-02-16T14:09:57Z legacycli:1 - [005] INFO: Running 1 CONNECT handlers
2026-02-16T14:09:57Z legacycli:1 - HandleConnect - basic *** result: &{0 <nil> 0xbe1420}api***.io:443
2026-02-16T14:09:57Z legacycli:1 - [005] INFO: on 0th handler: &{2 <nil> 0xbe1040} api***.io:443
2026-02-16T14:09:57Z legacycli:1 - [005] INFO: Assuming CONNECT is TLS, mitm proxying it
2026-02-16T14:09:57Z legacycli:1 - [005] INFO: signing for api***.io
2026-02-16T14:09:57Z legacycli:1 - [006] INFO: req api***.io:443
2026-02-16T14:09:57Z main - > request [0xc00093c3c0]: GET https://api***.io:443/v1/cli-config/feature-flags/enablePnpmCli?org=***
2026-02-16T14:09:57Z main - > request [0xc00093c3c0]: header: map[Accept:[application/json] Authorization:[token ***] Connection:[close] Session-Token:[token ***] Snyk-Interaction-Id:[urn:snyk:interaction:4b2973a2-cccc-431f-97ba-9a9ca48f75ae] Snyk-Request-Id:[5040a4c9-10ef-4cbc-a733-435a05d5bcc4] User-Agent:[snyk-cli/1.1300.2 (linux;amd64) ***/*** ***] X-Snyk-Cli-Version:[1.1300.2]]
2026-02-16T14:09:57Z main - < response [0xc00093c500]: 200 OK
2026-02-16T14:09:57Z main - < response [0xc00093c500]: header: map[Akamai-Cache-Status:[Miss from child] Akamai-Grn:[0.6612df17.1771250997.3622d5] Content-Length:[11] Content-Security-Policy:[base-uri https://app***.io; script-src 'self' 'nonce-Kkl0JiQyY4nlDHgFWQArZw==' 'unsafe-inline' 'unsafe-eval' 'strict-dynamic' 'report-sample'; img-src https: data:; object-src 'none'; frame-ancestors https://app***.io https://learn***.io https://login***.io https://security***.io; report-to csp-report-group; report-uri https://web-reports***.io/csp?version=cd591b623d4fc37d1e4211643fae0a0b455d24ed;] Content-Type:[application/json; charset=utf-8] Date:[Mon, 16 Feb 2026 14:09:57 GMT] Report-To:[{"group":"csp-report-group","max_age":1800,"endpoints":[{"url":"https://web-reports***.io/csp?version=cd591b623d4fc37d1e4211643fae0a0b455d24ed"}],"include_subdomains":true}] Snyk-Request-Id:[5040a4c9-10ef-4cbc-a733-435a05d5bcc4] Strict-Transport-Security:[max-age=31536000; preload] Vary:[Accept-Encoding] X-Content-Type-Options:[nosni
2026-02-16T14:09:57Z legacycli:1 - [005] INFO: Exiting on EOF
2026-02-16T14:09:57Z legacycli:1 - snyk Docker.inspectImage: targetImage: ***.dkr.ecr.***.amazonaws.com/web:6023a15@sha256:e08d60d6c3ee4c66b5e27647608ac07fcecaa09bfa81c0b100748b1fdfcb7c36
2026-02-16T14:09:57Z legacycli:1 - snyk Docker.save: targetImage: ***.dkr.ecr.***.amazonaws.com/web:6023a15@sha256:e08d60d6c3ee4c66b5e27647608ac07fcecaa09bfa81c0b100748b1fdfcb7c36, destination: /tmp/tmp-2490-Vr3R7AK3RJPt/79ad06da-37d4-41bd-98f1-3c7bf4715875/image.tar
2026-02-16T14:09:59Z legacycli:1 - snyk Error getting layers and manifest content from docker archive: We found no layers in the provided image
2026-02-16T14:09:59Z legacycli:1 - snyk Error getting layers and manifest content from docker archive: We found no layers in the provided image
2026-02-16T14:10:00Z legacycli:1 - Workflow End
2026-02-16T14:10:00Z main - Deriving Exit Code 0 (cause: <nil>)
2026-02-16T14:10:00Z main - Sending Analytics
2026-02-16T14:10:00Z main - > request [0xc000984780]: POST https://api***.io/v1/analytics/cli?org=040a0c14-fd36-49d7-93ba-ca9468ded4ee
2026-02-16T14:10:00Z main - > request [0xc000984780]: header: map[Authorization:[token ***] Content-Type:[application/json; charset=utf-8] Session-Token:[token ***] Snyk-Interaction-Id:[urn:snyk:interaction:4b2973a2-cccc-431f-97ba-9a9ca48f75ae] Snyk-Request-Id:[5da14ac3-ad24-4ecb-9a7a-e6ca26362773] User-Agent:[snyk-cli/1.1300.2 (linux;amd64) ***/*** ***] X-Snyk-Cli-Version:[1.1300.2]]
2026-02-16T14:10:00Z main - < response [0xc0009848c0]: 200 OK
2026-02-16T14:10:00Z main - < response [0xc0009848c0]: header: map[Akamai-Cache-Status:[Miss from child] Akamai-Grn:[0.6612df17.1771251000.3635e0] Content-Length:[11] Content-Security-Policy:[base-uri https://app***.io; script-src 'self' 'nonce-txUqvq5Bfs7rOTzbA0myZA==' 'unsafe-inline' 'unsafe-eval' 'strict-dynamic' 'report-sample'; img-src https: data:; object-src 'none'; frame-ancestors https://app***.io https://learn***.io https://login***.io https://security***.io; report-to csp-report-group; report-uri https://web-reports***.io/csp?version=cd591b623d4fc37d1e4211643fae0a0b455d24ed;] Content-Type:[application/json; charset=utf-8] Date:[Mon, 16 Feb 2026 14:10:00 GMT] Report-To:[{"group":"csp-report-group","max_age":1800,"endpoints":[{"url":"https://web-reports***.io/csp?version=cd591b623d4fc37d1e4211643fae0a0b455d24ed"}],"include_subdomains":true}] Snyk-Request-Id:[5da14ac3-ad24-4ecb-9a7a-e6ca26362773] Strict-Transport-Security:[max-age=31536000; preload] Vary:[X-HTTP-Method-Override, Accept-Encoding] X-Con
2026-02-16T14:10:00Z main - Analytics successfully send
2026-02-16T14:10:00Z main - Sending Instrumentation
2026-02-16T14:10:00Z analytics.report:2 - Workflow Start
2026-02-16T14:10:00Z analytics.report:2 - adding command line input
2026-02-16T14:10:00Z analytics.report:2 - [0] Processing element
2026-02-16T14:10:00Z analytics.report:2 - [0] Schema Version: 2
2026-02-16T14:10:00Z analytics.report:2 - [0] Data: {"data":{"attributes":{"interaction":{"categories":["container","test","org","debug","policy-path","sarif","sarif-file-output"],"errors":[],"extension":{"c-runtime-details":"ldd (Ubuntu GLIBC 2.39-0ubuntu8.7) 2.39\nCopyright (C) 2024 Free Software Foundation, Inc.\nThis is free software; see the source for copying conditions.  There is NO\nwarranty; not even for MERCHANTABILITY or FITNESS FOR A PARTICULAR PURPOSE.\nWritten by Roland McGrath and Ulrich Drepper.","exitcode":0,"legacycli::static-nodejs-binary":false,"network-request-attempts":1,"os-details":"#17~24.04.1-Ubuntu SMP Mon Dec  1 20:10:50 UTC 2025"},"id":"urn:snyk:interaction:4b2973a2-cccc-431f-97ba-9a9ca48f75ae","results":[],"stage":"cicd","status":"success","target":{"id":"pkg:git/github.com/***/***s@***?***=main"},"timestamp_ms":1771250994898,"type":""},"runtime":{"application":{"name":"snyk-cli","version":"1.1300.2"},"integration":{"name":"***","version":"*** ***"},"performance":{"duration_ms":6
2026-02-16T14:10:01Z main - > request [0xc0009c28c0]: POST https://api***.io/hidden/orgs/040a0c14-fd36-49d7-93ba-ca9468ded4ee/analytics?version=2024-03-07~experimental
2026-02-16T14:10:01Z main - > request [0xc0009c28c0]: header: map[Authorization:[token ***] Content-Type:[application/json] Session-Token:[token ***] Snyk-Interaction-Id:[urn:snyk:interaction:4b2973a2-cccc-431f-97ba-9a9ca48f75ae] Snyk-Request-Id:[05222b71-03b1-44a1-b171-1d5837147902] User-Agent:[snyk-cli/1.1300.2 (linux;amd64) ***/*** ***] X-Snyk-Cli-Version:[1.1300.2]]
2026-02-16T14:10:01Z main - < response [0xc0009c2a00]: 201 Created
2026-02-16T14:10:01Z main - < response [0xc0009c2a00]: header: map[Akamai-Cache-Status:[Miss from child] Akamai-Grn:[0.6612df17.1771251000.3636a0] Content-Length:[2] Content-Type:[application/json] Date:[Mon, 16 Feb 2026 14:10:01 GMT] Deprecation:[2024-10-15] Server:[envoy] Snyk-Request-Id:[05222b71-03b1-44a1-b171-1d5837147902] Snyk-Version-Lifecycle-Stage:[experimental] Snyk-Version-Requested:[2024-03-07~experimental] Snyk-Version-Served:[2024-03-07~experimental] Strict-Transport-Security:[max-age=31536000; preload] Sunset:[2024-04-06] X-Content-Type-Options:[nosniff] X-Envoy-Upstream-Service-Time:[1] X-Frame-Options:[SAMEORIGIN] X-Ratelimit-Limit:[160, 160;w=1;name="crd|generic_key^api-gateway.api-rest|generic_key^per_second|principal_id|ratelimit_bucket^high", 1620;w=60;name="crd|generic_key^api-gateway.api-rest|generic_key^per_minute|principal_id|ratelimit_bucket^high", 97200;w=3600;name="crd|generic_key^api-gateway.api-rest|generic_key^per_hour|principal_id|ratelimit_bucket^high"] X-Ratelimit-Remaining:[
2026-02-16T14:10:01Z analytics.report:2 - Workflow End
2026-02-16T14:10:01Z main - Instrumentation successfully sent
2026-02-16T14:10:01Z internal.cleanup:3 - Workflow Start
2026-02-16T14:10:01Z internal.cleanup:3 - Deleted temporary certificate file: ***/.cache/snyk/snyk-cli/1.1300.2/tmp/pid2482/snyk-cli-cert-3823217717.crt
2026-02-16T14:10:01Z internal.cleanup:3 - Deleted temporary directory: ***/.cache/snyk/snyk-cli/1.1300.2/tmp/pid2482
2026-02-16T14:10:01Z internal.cleanup:3 - Workflow End
2026-02-16T14:10:01Z main -
2026-02-16T14:10:01Z main - ------------ Summary ------------
2026-02-16T14:10:01Z main - Version:               1.1300.2 
2026-02-16T14:10:01Z main - Platform:              linux amd64  ***/***  Linux
2026-02-16T14:10:01Z main - API:                   https://api***.io
2026-02-16T14:10:01Z main - Region:                snyk-us-01
2026-02-16T14:10:01Z main - Cache:                 ***/.cache/snyk/snyk-cli
2026-02-16T14:10:01Z main - Organization:          040a0c14-fd36-49d7-93ba-ca9468ded4ee
2026-02-16T14:10:01Z main - Insecure HTTPS:        false
2026-02-16T14:10:01Z main - Analytics:             enabled
2026-02-16T14:10:01Z main - Authorization:         ba7397f4***4f94b448  (type=token)
2026-02-16T14:10:01Z main - Interaction:           urn:snyk:interaction:4b2973a2-cccc-431f-97ba-9a9ca48f75ae
2026-02-16T14:10:01Z main - Features:              
2026-02-16T14:10:01Z main -   preview:             disabled
2026-02-16T14:10:01Z main -   fips:                Not available
2026-02-16T14:10:01Z main -   request attempts:    1
2026-02-16T14:10:01Z main -   config cache:        enabled (ttl=no expiration)
2026-02-16T14:10:01Z main - Checks:                
2026-02-16T14:10:01Z main -   Configuration:       all good
2026-02-16T14:10:01Z main -
2026-02-16T14:10:01Z main - ------------ Errors ------------
2026-02-16T14:10:01Z main - ERROR:                 Forbidden (SNYK-CLI-0000)
2026-02-16T14:10:01Z main -   Description:
2026-02-16T14:10:01Z main -                        The encountered error only provides basic ***, please take a look at the given details.If th
2026-02-16T14:10:01Z main -                        ey do not help to resolve the issue, consider debugging or consulting support.
2026-02-16T14:10:01Z main -   Links:               
2026-02-16T14:10:01Z main -                        https://docs***.io/snyk-cli/commands
2026-02-16T14:10:01Z main -                        https://docs***.io/snyk-cli/debugging-the-snyk-cli
2026-02-16T14:10:01Z main -                        https://docs***.io/scan-with-snyk/error-catalog#snyk-cli-0000
2026-02-16T14:10:01Z main -
2026-02-16T14:10:01Z main -   Instance 1:
2026-02-16T14:10:01Z main -                        Forbidden
2026-02-16T14:10:01Z main -
2026-02-16T14:10:01Z main -   Requests:            
2026-02-16T14:10:01Z main -     0:                 6bb04a0b-f485-4935-b9df-59703c542de4 - /rest/orgs/040a0c14-fd36-49d7-93ba-ca9468ded4ee
2026-02-16T14:10:01Z main -
2026-02-16T14:10:01Z main - Exit Code:             0
DID NOT PRODUCE A SARIF FILE